[debug] [2023-11-15T11:51:50.904Z] ----------------------------------------------------------------------
[debug] [2023-11-15T11:51:50.911Z] Command:       /snap/node/7844/bin/node /usr/local/bin/firebase deploy
[debug] [2023-11-15T11:51:50.912Z] CLI Version:   12.9.0
[debug] [2023-11-15T11:51:50.912Z] Platform:      linux
[debug] [2023-11-15T11:51:50.913Z] Node Version:  v20.8.0
[debug] [2023-11-15T11:51:50.913Z] Time:          Wed Nov 15 2023 17:51:50 GMT+0600 (Bangladesh Standard Time)
[debug] [2023-11-15T11:51:50.914Z] ----------------------------------------------------------------------
[debug] 
[debug] [2023-11-15T11:51:51.120Z] > command requires scopes: ["email","openid","https://www.googleapis.com/auth/cloudplatformprojects.readonly","https://www.googleapis.com/auth/firebase","https://www.googleapis.com/auth/cloud-platform"]
[debug] [2023-11-15T11:51:51.121Z] > authorizing via signed-in user (abdullahhosenakash@gmail.com)
[debug] [2023-11-15T11:51:51.121Z] [iam] checking project fruits-valley-warehouse-e6b92 for permissions ["firebase.projects.get","firebasehosting.sites.update"]
[debug] [2023-11-15T11:51:51.126Z] >>> [apiv2][query] POST https://cloudresourcemanager.googleapis.com/v1/projects/fruits-valley-warehouse-e6b92:testIamPermissions [none]
[debug] [2023-11-15T11:51:51.126Z] >>> [apiv2][(partial)header] POST https://cloudresourcemanager.googleapis.com/v1/projects/fruits-valley-warehouse-e6b92:testIamPermissions x-goog-quota-user=projects/fruits-valley-warehouse-e6b92
[debug] [2023-11-15T11:51:51.127Z] >>> [apiv2][body] POST https://cloudresourcemanager.googleapis.com/v1/projects/fruits-valley-warehouse-e6b92:testIamPermissions {"permissions":["firebase.projects.get","firebasehosting.sites.update"]}
[debug] [2023-11-15T11:51:53.136Z] <<< [apiv2][status] POST https://cloudresourcemanager.googleapis.com/v1/projects/fruits-valley-warehouse-e6b92:testIamPermissions 200
[debug] [2023-11-15T11:51:53.137Z] <<< [apiv2][body] POST https://cloudresourcemanager.googleapis.com/v1/projects/fruits-valley-warehouse-e6b92:testIamPermissions {"permissions":["firebase.projects.get","firebasehosting.sites.update"]}
[debug] [2023-11-15T11:51:53.139Z] >>> [apiv2][query] GET https://firebase.googleapis.com/v1beta1/projects/fruits-valley-warehouse-e6b92 [none]
[debug] [2023-11-15T11:51:53.836Z] <<< [apiv2][status] GET https://firebase.googleapis.com/v1beta1/projects/fruits-valley-warehouse-e6b92 200
[debug] [2023-11-15T11:51:53.836Z] <<< [apiv2][body] GET https://firebase.googleapis.com/v1beta1/projects/fruits-valley-warehouse-e6b92 {"projectId":"fruits-valley-warehouse-e6b92","projectNumber":"926536590369","displayName":"fruits-valley-warehouse","name":"projects/fruits-valley-warehouse-e6b92","resources":{"hostingSite":"fruits-valley-warehouse-e6b92"},"state":"ACTIVE","etag":"1_c7fe283f-6cd5-4054-aafc-a15faac9b157"}
[info] 
[info] === Deploying to 'fruits-valley-warehouse-e6b92'...
[info] 
[info] i  deploying hosting 
[debug] [2023-11-15T11:51:53.855Z] >>> [apiv2][query] POST https://firebasehosting.googleapis.com/v1beta1/projects/-/sites/fruits-valley-warehouse-e6b92/versions [none]
[debug] [2023-11-15T11:51:53.856Z] >>> [apiv2][body] POST https://firebasehosting.googleapis.com/v1beta1/projects/-/sites/fruits-valley-warehouse-e6b92/versions {"status":"CREATED","labels":{"deployment-tool":"cli-firebase"}}
[debug] [2023-11-15T11:51:55.676Z] <<< [apiv2][status] POST https://firebasehosting.googleapis.com/v1beta1/projects/-/sites/fruits-valley-warehouse-e6b92/versions 200
[debug] [2023-11-15T11:51:55.677Z] <<< [apiv2][body] POST https://firebasehosting.googleapis.com/v1beta1/projects/-/sites/fruits-valley-warehouse-e6b92/versions {"name":"projects/926536590369/sites/fruits-valley-warehouse-e6b92/versions/b4b44d45c44788b3","status":"CREATED","config":{},"labels":{"deployment-tool":"cli-firebase"}}
[info] i  hosting[fruits-valley-warehouse-e6b92]: beginning deploy... 
[info] i  hosting[fruits-valley-warehouse-e6b92]: found 17 files in build 
[debug] [2023-11-15T11:51:55.720Z] [hosting] uploading with 200 concurrency
[debug] [2023-11-15T11:51:56.736Z] [hosting] hash cache [YnVpbGQ] stored for 17 files
[debug] [2023-11-15T11:51:56.737Z] [hosting][hash queue][FINAL] {"max":990,"min":70,"avg":160.05882352941177,"active":0,"complete":17,"success":17,"errored":0,"retried":0,"total":17,"elapsed":1008}
[debug] [2023-11-15T11:51:56.738Z] >>> [apiv2][query] POST https://firebasehosting.googleapis.com/v1beta1/projects/926536590369/sites/fruits-valley-warehouse-e6b92/versions/b4b44d45c44788b3:populateFiles [none]
[debug] [2023-11-15T11:51:56.738Z] >>> [apiv2][body] POST https://firebasehosting.googleapis.com/v1beta1/projects/926536590369/sites/fruits-valley-warehouse-e6b92/versions/b4b44d45c44788b3:populateFiles {"files":{"/asset-manifest.json":"87652a980e944ab91d05c79d38d52067a0ec66fb94cf21ddea5c483e09437ac1","/index.html":"6df4372dcf8f81b7352eb9597671b7da3512c36c9e1065873c41c693f5636c8c","/static/js/787.82e94e90.chunk.js":"ac7b4e23c5ff4897addb74ea290de5d1bbec60ce89d253aab8432a8c7cfdaef9","/static/js/main.314ac22b.js.LICENSE.txt":"83f0978e66d2c46bb9a52d48c1ac3b861f6b028fcfb1777be5131edd7d33dc1f","/favicon.ico":"ccdf510df852d3cbb707911f78fb5b4bfc879552e377068488133c392f434c95","/robots.txt":"2544ca049f223a42bff01f72ad930a5edba75bbb7199d0f8430a02ff5aca16ec","/manifest.json":"0958a5e0c831126100c8c2d06a6bbaa665a3900f21aaff4130238a6f5a113aa1","/logo512.png":"7779210d56c1f3741e2e487799fe3092def4fa6ac450a60532b807c3a8971205","/static/js/787.82e94e90.chunk.js.map":"3a1363a0b20ca43be3fde4029a4198a92cacf6961c63986c4480074e2f8dd798","/logo192.png":"76c449ccb9cd117c2f2338f091b18f7050f3210e249b2228f5c81b23f34377cd","/static/media/banner1.47ec200243b972b7a4e5.jpg":"488d656028f3ced91b42ce068a3a05605ee8004093281e65a19a1caa70191aef","/static/css/main.a20f4dc0.css":"90d6c0dbaa111743a12cde7bbfcceb21dd6a6038837e7a4a7a72f9ffb322c917","/static/media/banner2.c11a84db67d606bdb342.jpg":"6e2cafbf848e67dfb5a5979acbe6c30e3ddfdbc51fcc21a1575e231d1edf29cb","/static/media/banner3.305c5d34ef8b6c634458.jpg":"8b5aed6070b0dbca420b6ef5f8ca71c8143e52b3ceedabb52472f1844a9cc3c0","/static/js/main.314ac22b.js":"4dd215c7698e3b086c8d4b68cd839ee25456bbfec32e647dc4494a0b81bd1314","/static/css/main.a20f4dc0.css.map":"a222fb330e703cddb73fc788c34f1650a848092b577eb617d9a764545053b5fe","/static/js/main.314ac22b.js.map":"45d3f5712cb16cda7de25e127c6ad1bf06ff706118b916225c274ea8a5022ad6"}}
[debug] [2023-11-15T11:51:57.261Z] <<< [apiv2][status] POST https://firebasehosting.googleapis.com/v1beta1/projects/926536590369/sites/fruits-valley-warehouse-e6b92/versions/b4b44d45c44788b3:populateFiles 200
[debug] [2023-11-15T11:51:57.262Z] <<< [apiv2][body] POST https://firebasehosting.googleapis.com/v1beta1/projects/926536590369/sites/fruits-valley-warehouse-e6b92/versions/b4b44d45c44788b3:populateFiles {"uploadRequiredHashes":["87652a980e944ab91d05c79d38d52067a0ec66fb94cf21ddea5c483e09437ac1","6df4372dcf8f81b7352eb9597671b7da3512c36c9e1065873c41c693f5636c8c","4dd215c7698e3b086c8d4b68cd839ee25456bbfec32e647dc4494a0b81bd1314","45d3f5712cb16cda7de25e127c6ad1bf06ff706118b916225c274ea8a5022ad6"],"uploadUrl":"https://upload-firebasehosting.googleapis.com/upload/sites/fruits-valley-warehouse-e6b92/versions/b4b44d45c44788b3/files"}
[debug] [2023-11-15T11:51:57.266Z] >>> [apiv2][query] POST https://upload-firebasehosting.googleapis.com/upload/sites/fruits-valley-warehouse-e6b92/versions/b4b44d45c44788b3/files/87652a980e944ab91d05c79d38d52067a0ec66fb94cf21ddea5c483e09437ac1 [none]
[debug] [2023-11-15T11:51:57.266Z] >>> [apiv2][body] POST https://upload-firebasehosting.googleapis.com/upload/sites/fruits-valley-warehouse-e6b92/versions/b4b44d45c44788b3/files/87652a980e944ab91d05c79d38d52067a0ec66fb94cf21ddea5c483e09437ac1 [stream]
[debug] [2023-11-15T11:51:57.271Z] >>> [apiv2][query] POST https://upload-firebasehosting.googleapis.com/upload/sites/fruits-valley-warehouse-e6b92/versions/b4b44d45c44788b3/files/6df4372dcf8f81b7352eb9597671b7da3512c36c9e1065873c41c693f5636c8c [none]
[debug] [2023-11-15T11:51:57.271Z] >>> [apiv2][body] POST https://upload-firebasehosting.googleapis.com/upload/sites/fruits-valley-warehouse-e6b92/versions/b4b44d45c44788b3/files/6df4372dcf8f81b7352eb9597671b7da3512c36c9e1065873c41c693f5636c8c [stream]
[debug] [2023-11-15T11:51:57.275Z] >>> [apiv2][query] POST https://upload-firebasehosting.googleapis.com/upload/sites/fruits-valley-warehouse-e6b92/versions/b4b44d45c44788b3/files/4dd215c7698e3b086c8d4b68cd839ee25456bbfec32e647dc4494a0b81bd1314 [none]
[debug] [2023-11-15T11:51:57.275Z] >>> [apiv2][body] POST https://upload-firebasehosting.googleapis.com/upload/sites/fruits-valley-warehouse-e6b92/versions/b4b44d45c44788b3/files/4dd215c7698e3b086c8d4b68cd839ee25456bbfec32e647dc4494a0b81bd1314 [stream]
[debug] [2023-11-15T11:51:57.284Z] >>> [apiv2][query] POST https://upload-firebasehosting.googleapis.com/upload/sites/fruits-valley-warehouse-e6b92/versions/b4b44d45c44788b3/files/45d3f5712cb16cda7de25e127c6ad1bf06ff706118b916225c274ea8a5022ad6 [none]
[debug] [2023-11-15T11:51:57.285Z] >>> [apiv2][body] POST https://upload-firebasehosting.googleapis.com/upload/sites/fruits-valley-warehouse-e6b92/versions/b4b44d45c44788b3/files/45d3f5712cb16cda7de25e127c6ad1bf06ff706118b916225c274ea8a5022ad6 [stream]
[debug] [2023-11-15T11:51:57.289Z] [hosting][populate queue][FINAL] {"max":532,"min":532,"avg":532,"active":0,"complete":1,"success":1,"errored":0,"retried":0,"total":1,"elapsed":557}
[debug] [2023-11-15T11:51:57.289Z] [hosting] uploads queued: 4
[debug] [2023-11-15T11:52:03.951Z] <<< [apiv2][status] POST https://upload-firebasehosting.googleapis.com/upload/sites/fruits-valley-warehouse-e6b92/versions/b4b44d45c44788b3/files/87652a980e944ab91d05c79d38d52067a0ec66fb94cf21ddea5c483e09437ac1 200
[debug] [2023-11-15T11:52:03.952Z] <<< [apiv2][body] POST https://upload-firebasehosting.googleapis.com/upload/sites/fruits-valley-warehouse-e6b92/versions/b4b44d45c44788b3/files/87652a980e944ab91d05c79d38d52067a0ec66fb94cf21ddea5c483e09437ac1 [stream]
[debug] [2023-11-15T11:52:04.982Z] <<< [apiv2][status] POST https://upload-firebasehosting.googleapis.com/upload/sites/fruits-valley-warehouse-e6b92/versions/b4b44d45c44788b3/files/6df4372dcf8f81b7352eb9597671b7da3512c36c9e1065873c41c693f5636c8c 200
[debug] [2023-11-15T11:52:04.982Z] <<< [apiv2][body] POST https://upload-firebasehosting.googleapis.com/upload/sites/fruits-valley-warehouse-e6b92/versions/b4b44d45c44788b3/files/6df4372dcf8f81b7352eb9597671b7da3512c36c9e1065873c41c693f5636c8c [stream]
[debug] [2023-11-15T11:52:07.161Z] <<< [apiv2][status] POST https://upload-firebasehosting.googleapis.com/upload/sites/fruits-valley-warehouse-e6b92/versions/b4b44d45c44788b3/files/4dd215c7698e3b086c8d4b68cd839ee25456bbfec32e647dc4494a0b81bd1314 200
[debug] [2023-11-15T11:52:07.161Z] <<< [apiv2][body] POST https://upload-firebasehosting.googleapis.com/upload/sites/fruits-valley-warehouse-e6b92/versions/b4b44d45c44788b3/files/4dd215c7698e3b086c8d4b68cd839ee25456bbfec32e647dc4494a0b81bd1314 [stream]
